[debug] [2020-01-28T17:24:07.465Z] ----------------------------------------------------------------------
[debug] [2020-01-28T17:24:07.468Z] Command:       C:\Program Files\nodejs\node.exe C:\Users\Riz1\AppData\Roaming\npm\node_modules\firebase-tools\lib\bin\firebase.js commit
[debug] [2020-01-28T17:24:07.468Z] CLI Version:   7.11.0
[debug] [2020-01-28T17:24:07.469Z] Platform:      win32
[debug] [2020-01-28T17:24:07.469Z] Node Version:  v12.13.0
[debug] [2020-01-28T17:24:07.470Z] Time:          Tue Jan 28 2020 10:24:07 GMT-0700 (Mountain Standard Time)
[debug] [2020-01-28T17:24:07.470Z] ----------------------------------------------------------------------
[debug] [2020-01-28T17:24:07.470Z] 
[error] Error: [object Object] is not a Firebase command
[debug] [2020-01-28T17:24:07.480Z] TypeError: str.toLowerCase is not a function
    at didYouMean (C:\Users\Riz1\AppData\Roaming\npm\node_modules\firebase-tools\node_modules\didyoumean\didYouMean-1.2.1.js:147:48)
    at suggestCommands (C:\Users\Riz1\AppData\Roaming\npm\node_modules\firebase-tools\lib\index.js:28:22)
    at Command.<anonymous> (C:\Users\Riz1\AppData\Roaming\npm\node_modules\firebase-tools\lib\index.js:57:14)
    at Command.listener (C:\Users\Riz1\AppData\Roaming\npm\node_modules\firebase-tools\node_modules\commander\index.js:360:8)
    at Command.emit (events.js:210:5)
    at Command.EventEmitter.emit (domain.js:476:20)
    at Command.parseArgs (C:\Users\Riz1\AppData\Roaming\npm\node_modules\firebase-tools\node_modules\commander\index.js:801:12)
    at Command.parse (C:\Users\Riz1\AppData\Roaming\npm\node_modules\firebase-tools\node_modules\commander\index.js:563:21)
    at Object.<anonymous> (C:\Users\Riz1\AppData\Roaming\npm\node_modules\firebase-tools\lib\bin\firebase.js:98:22)
    at Module._compile (internal/modules/cjs/loader.js:956:30)
    at Object.Module._extensions..js (internal/modules/cjs/loader.js:973:10)
    at Module.load (internal/modules/cjs/loader.js:812:32)
    at Function.Module._load (internal/modules/cjs/loader.js:724:14)
    at Function.Module.runMain (internal/modules/cjs/loader.js:1025:10)
    at internal/main/run_main_module.js:17:11
[error] 
[error] Error: An unexpected error has occurred.
